# JRE version: OpenJDK Runtime Environment Temurin-11.0.12+7 (11.0.12+7) (build 11.0.12+7)
# Java VM: OpenJDK 64-Bit Server VM Temurin-11.0.12+7 (11.0.12+7, mixed mode, tiered, compressed oops, g1 gc, windows-amd64)
Heap:
 garbage-first heap   total 65536K, used 50211K [0x00000000e0000000, 0x0000000100000000)
  region size 1024K, 20 young (20480K), 3 survivors (3072K)
 Metaspace       used 20785K, capacity 21123K, committed 21248K, reserved 1069056K
  class space    used 2091K, capacity 2250K, committed 2304K, reserved 1048576K
GC Heap History (20 events):
Event: 1.302 GC heap after
{Heap after GC invocations=2 (full 0):
 garbage-first heap   total 65536K, used 5434K [0x00000000e0000000, 0x0000000100000000)
  region size 1024K, 1 young (1024K), 1 survivors (1024K)
 Metaspace       used 6771K, capacity 6964K, committed 7168K, reserved 1056768K
  class space    used 649K, capacity 702K, committed 768K, reserved 1048576K
}
Event: 1.960 GC heap before
{Heap before GC invocations=2 (full 0):
 garbage-first heap   total 65536K, used 13626K [0x00000000e0000000, 0x0000000100000000)
  region size 1024K, 9 young (9216K), 1 survivors (1024K)
 Metaspace       used 9685K, capacity 9858K, committed 9984K, reserved 1058816K
  class space    used 942K, capacity 1010K, committed 1024K, reserved 1048576K
}
Event: 1.965 GC heap after
{Heap after GC invocations=3 (full 0):
 garbage-first heap   total 65536K, used 6739K [0x00000000e0000000, 0x0000000100000000)
  region size 1024K, 2 young (2048K), 2 survivors (2048K)
 Metaspace       used 9685K, capacity 9858K, committed 9984K, reserved 1058816K
  class space    used 942K, capacity 1010K, committed 1024K, reserved 1048576K
}
Event: 3.863 GC heap before
{Heap before GC invocations=3 (full 0):
 garbage-first heap   total 65536K, used 19027K [0x00000000e0000000, 0x0000000100000000)
  region size 1024K, 14 young (14336K), 2 survivors (2048K)
 Metaspace       used 16536K, capacity 16794K, committed 17024K, reserved 1064960K
  class space    used 1686K, capacity 1817K, committed 1920K, reserved 1048576K
}
Event: 3.872 GC heap after
{Heap after GC invocations=4 (full 0):
 garbage-first heap   total 65536K, used 7971K [0x00000000e0000000, 0x0000000100000000)
  region size 1024K, 2 young (2048K), 2 survivors (2048K)
 Metaspace       used 16536K, capacity 16794K, committed 17024K, reserved 1064960K
  class space    used 1686K, capacity 1817K, committed 1920K, reserved 1048576K
}
Event: 6.815 GC heap before
{Heap before GC invocations=4 (full 0):
 garbage-first heap   total 65536K, used 31523K [0x00000000e0000000, 0x0000000100000000)
  region size 1024K, 26 young (26624K), 2 survivors (2048K)
 Metaspace       used 19096K, capacity 19421K, committed 19584K, reserved 1067008K
  class space    used 1945K, capacity 2075K, committed 2176K, reserved 1048576K
}
Event: 6.839 GC heap after
{Heap after GC invocations=5 (full 0):
 garbage-first heap   total 65536K, used 14004K [0x00000000e0000000, 0x0000000100000000)
  region size 1024K, 4 young (4096K), 4 survivors (4096K)
 Metaspace       used 19096K, capacity 19421K, committed 19584K, reserved 1067008K
  class space    used 1945K, capacity 2075K, committed 2176K, reserved 1048576K
}
Event: 10.996 GC heap before
{Heap before GC invocations=5 (full 0):
 garbage-first heap   total 65536K, used 37556K [0x00000000e0000000, 0x0000000100000000)
  region size 1024K, 27 young (27648K), 4 survivors (4096K)
 Metaspace       used 20352K, capacity 20694K, committed 20992K, reserved 1069056K
  class space    used 2048K, capacity 2215K, committed 2304K, reserved 1048576K
}
Event: 11.021 GC heap after
{Heap after GC invocations=6 (full 0):
 garbage-first heap   total 65536K, used 17662K [0x00000000e0000000, 0x0000000100000000)
  region size 1024K, 4 young (4096K), 4 survivors (4096K)
 Metaspace       used 20352K, capacity 20694K, committed 20992K, reserved 1069056K
  class space    used 2048K, capacity 2215K, committed 2304K, reserved 1048576K
}
Event: 14.727 GC heap before
{Heap before GC invocations=6 (full 0):
 garbage-first heap   total 65536K, used 40190K [0x00000000e0000000, 0x0000000100000000)
  region size 1024K, 26 young (26624K), 4 survivors (4096K)
 Metaspace       used 20469K, capacity 20767K, committed 20992K, reserved 1069056K
  class space    used 2053K, capacity 2217K, committed 2304K, reserved 1048576K
}
Event: 14.746 GC heap after
{Heap after GC invocations=7 (full 0):
 garbage-first heap   total 65536K, used 20809K [0x00000000e0000000, 0x0000000100000000)
  region size 1024K, 3 young (3072K), 3 survivors (3072K)
 Metaspace       used 20469K, capacity 20767K, committed 20992K, reserved 1069056K
  class space    used 2053K, capacity 2217K, committed 2304K, reserved 1048576K
}
Event: 15.878 GC heap before
{Heap before GC invocations=7 (full 0):
 garbage-first heap   total 65536K, used 47433K [0x00000000e0000000, 0x0000000100000000)
  region size 1024K, 25 young (25600K), 3 survivors (3072K)
 Metaspace       used 20743K, capacity 21024K, committed 21248K, reserved 1069056K
  class space    used 2088K, capacity 2217K, committed 2304K, reserved 1048576K
}
Event: 15.895 GC heap after
{Heap after GC invocations=8 (full 0):
 garbage-first heap   total 65536K, used 24114K [0x00000000e0000000, 0x0000000100000000)
  region size 1024K, 3 young (3072K), 3 survivors (3072K)
 Metaspace       used 20743K, capacity 21024K, committed 21248K, reserved 1069056K
  class space    used 2088K, capacity 2217K, committed 2304K, reserved 1048576K
}
Event: 16.728 GC heap before
{Heap before GC invocations=8 (full 0):
 garbage-first heap   total 65536K, used 46642K [0x00000000e0000000, 0x0000000100000000)
  region size 1024K, 25 young (25600K), 3 survivors (3072K)
 Metaspace       used 20780K, capacity 21123K, committed 21248K, reserved 1069056K
  class space    used 2090K, capacity 2250K, committed 2304K, reserved 1048576K
}
Event: 16.745 GC heap after
{Heap after GC invocations=9 (full 0):
 garbage-first heap   total 65536K, used 27415K [0x00000000e0000000, 0x0000000100000000)
  region size 1024K, 3 young (3072K), 3 survivors (3072K)
 Metaspace       used 20780K, capacity 21123K, committed 21248K, reserved 1069056K
  class space    used 2090K, capacity 2250K, committed 2304K, reserved 1048576K
}
Event: 17.736 GC heap before
{Heap before GC invocations=9 (full 0):
 garbage-first heap   total 65536K, used 47895K [0x00000000e0000000, 0x0000000100000000)
  region size 1024K, 23 young (23552K), 3 survivors (3072K)
 Metaspace       used 20782K, capacity 21123K, committed 21248K, reserved 1069056K
  class space    used 2091K, capacity 2250K, committed 2304K, reserved 1048576K
}
Event: 17.754 GC heap after
{Heap after GC invocations=10 (full 0):
 garbage-first heap   total 65536K, used 30251K [0x00000000e0000000, 0x0000000100000000)
  region size 1024K, 3 young (3072K), 3 survivors (3072K)
 Metaspace       used 20782K, capacity 21123K, committed 21248K, reserved 1069056K
  class space    used 2091K, capacity 2250K, committed 2304K, reserved 1048576K
}
Event: 18.561 GC heap before
{Heap before GC invocations=10 (full 0):
 garbage-first heap   total 65536K, used 49707K [0x00000000e0000000, 0x0000000100000000)
  region size 1024K, 22 young (22528K), 3 survivors (3072K)
 Metaspace       used 20784K, capacity 21123K, committed 21248K, reserved 1069056K
  class space    used 2091K, capacity 2250K, committed 2304K, reserved 1048576K
}
Event: 18.577 GC heap after
{Heap after GC invocations=11 (full 0):
 garbage-first heap   total 65536K, used 32803K [0x00000000e0000000, 0x0000000100000000)
  region size 1024K, 3 young (3072K), 3 survivors (3072K)
 Metaspace       used 20784K, capacity 21123K, committed 21248K, reserved 1069056K
  class space    used 2091K, capacity 2250K, committed 2304K, reserved 1048576K
}
Event: 19.293 GC heap before
{Heap before GC invocations=11 (full 0):
 garbage-first heap   total 65536K, used 50211K [0x00000000e0000000, 0x0000000100000000)
  region size 1024K, 20 young (20480K), 3 survivors (3072K)
 Metaspace       used 20785K, capacity 21123K, committed 21248K, reserved 1069056K
  class space    used 2091K, capacity 2250K, committed 2304K, reserved 1048576K
}

